           1  3.260488992698741E-003
           2  3.260927832375067E-003
           3  3.262979107761265E-003
           4  3.268594645734435E-003
           5  3.280182511499153E-003
           6  3.298944722916078E-003
           7  3.324620465049604E-003
           8  3.354969030038243E-003
           9  3.386171504641531E-003
          10  3.414134188503623E-003
          11  3.435766500886831E-003
          12  3.449610069002217E-003
          13  3.457998565087504E-003
          14  3.466045568046805E-003
          15  3.477603112032323E-003
          16  3.492165112523961E-003
          17  3.507170208605158E-003
          18  3.519716578780729E-003
          19  3.528893763822332E-003
          20  3.535453350731389E-003
          21  3.541702248245144E-003
          22  3.548767468713214E-003
          23  3.557091951611926E-003
          24  3.566189809478875E-003
          25  3.575211225146567E-003
          26  3.583450766595497E-003
          27  3.590639246586680E-003
          28  3.596936785287916E-003
          29  3.602415582054389E-003
          30  3.606997972114514E-003
          31  3.610611387088091E-003
          32  3.613266217139855E-003
          33  3.615117458345848E-003
          34  3.616511437570635E-003
          35  3.617946954347196E-003
          36  3.619847431312375E-003
          37  3.622346056731794E-003
          38  3.625335179173750E-003
          39  3.628429171219310E-003
          40  3.631283431417046E-003
          41  3.633632662625906E-003
          42  3.635440106504622E-003
          43  3.636847893138627E-003
          44  3.638094212244081E-003
          45  3.639358799655333E-003
          46  3.640706094164870E-003
          47  3.642108342893835E-003
          48  3.643421242285602E-003
          49  3.644517894521700E-003
          50  3.645272325886588E-003
